{
  "RSpec": {
    "coverage": {
      "/home/jonas/Prova_diego/Library/config/routes.rb": [
        1,
        null,
        1,
        1,
        1,
        1,
        null,
        null,
        null,
        null,
        null,
        1,
        null,
        null,
        null,
        null,
        null,
        null,
        null,
        1,
        1,
        null,
        1,
        1,
        1,
        1,
        null,
        null,
        null,
        null,
        1,
        1,
        1,
        null,
        null,
        1,
        1,
        null,
        null,
        null,
        null,
        null,
        null,
        null,
        null,
        null,
        null,
        null,
        null,
        null,
        null,
        null,
        null,
        null,
        null,
        null,
        null,
        null,
        null,
        null,
        null,
        null,
        null,
        null,
        null,
        null,
        null,
        null,
        null,
        null,
        null,
        null,
        null,
        null,
        null,
        null,
        null,
        null,
        null,
        null,
        null,
        null,
        null,
        null,
        null,
        null,
        null,
        null,
        null,
        null,
        null,
        null,
        null,
        null,
        null,
        null
      ],
      "/home/jonas/Prova_diego/Library/app/helpers/static_pages_helper.rb": [
        1,
        null
      ],
      "/home/jonas/Prova_diego/Library/app/helpers/users_helper.rb": [
        1,
        null
      ],
      "/home/jonas/Prova_diego/Library/app/helpers/sessions_helper.rb": [
        1,
        1,
        17,
        17,
        17,
        17,
        null,
        null,
        1,
        17,
        null,
        null,
        1,
        241,
        241,
        null,
        null,
        1,
        12,
        null,
        null,
        null,
        null,
        1,
        0,
        0,
        0,
        null,
        null,
        null,
        1,
        140,
        null,
        null,
        1,
        0,
        0,
        null,
        null,
        1,
        17,
        17,
        null,
        null,
        1,
        0,
        null,
        null,
        null
      ],
      "/home/jonas/Prova_diego/Library/app/helpers/application_helper.rb": [
        1,
        null,
        1,
        62,
        62,
        0,
        null,
        62,
        null,
        null,
        null
      ],
      "/home/jonas/Prova_diego/Library/app/helpers/books_helper.rb": [
        1,
        null
      ],
      "/home/jonas/Prova_diego/Library/app/helpers/loans_helper.rb": [
        1,
        null
      ],
      "/home/jonas/Prova_diego/Library/app/models/user.rb": [
        1,
        1,
        null,
        null,
        58,
        1,
        1,
        1,
        1,
        null,
        1,
        1,
        1,
        null,
        1,
        51,
        null,
        null,
        1,
        292,
        null,
        1,
        0,
        0,
        null,
        null,
        0,
        null,
        null,
        null,
        1,
        0,
        null,
        1,
        0,
        null,
        null,
        1,
        0,
        null,
        null,
        1,
        null,
        1,
        34,
        null,
        null,
        null
      ],
      "/home/jonas/Prova_diego/Library/app/models/loan.rb": [
        1,
        1,
        1,
        null,
        null,
        null,
        62,
        1,
        null,
        null,
        null,
        null,
        null
      ],
      "/home/jonas/Prova_diego/Library/app/models/book.rb": [
        1,
        1,
        null,
        1,
        null,
        1,
        1,
        null,
        null,
        null,
        1,
        0,
        0,
        null,
        null,
        0,
        null,
        null,
        null
      ],
      "/home/jonas/Prova_diego/Library/app/mailers/user_mailer.rb": [
        1,
        1,
        null,
        0,
        0,
        null,
        null,
        null,
        null,
        null
      ],
      "/home/jonas/Prova_diego/Library/app/controllers/loans_controller.rb": [
        1,
        null,
        1,
        0,
        null,
        1,
        0,
        null,
        null,
        null,
        1,
        0,
        0,
        0,
        null,
        0,
        0,
        0,
        null,
        null,
        0,
        0,
        0,
        null,
        null,
        0,
        0,
        0,
        0,
        0,
        null,
        null,
        null,
        null,
        null,
        null,
        null,
        null,
        1,
        0,
        null,
        null,
        null,
        1,
        null,
        0,
        0,
        null,
        null,
        1,
        0,
        0,
        null,
        0,
        0,
        0,
        null,
        null,
        null,
        null,
        1,
        1,
        0,
        null,
        null,
        1,
        0,
        null,
        null,
        null,
        null,
        null,
        null
      ],
      "/home/jonas/Prova_diego/Library/app/controllers/application_controller.rb": [
        1,
        null,
        null,
        1,
        null,
        1,
        null,
        null,
        1,
        0,
        0,
        0,
        null,
        null
      ],
      "/home/jonas/Prova_diego/Library/app/controllers/books_controller.rb": [
        1,
        1,
        1,
        null,
        1,
        0,
        null,
        null,
        null,
        1,
        0,
        null,
        null,
        null,
        1,
        0,
        0,
        0,
        0,
        null,
        0,
        null,
        null,
        null,
        1,
        0,
        0,
        0,
        null,
        null,
        1,
        1,
        0,
        null,
        null,
        null,
        null
      ],
      "/home/jonas/Prova_diego/Library/app/controllers/sessions_controller.rb": [
        1,
        1,
        null,
        null,
        null,
        1,
        19,
        19,
        17,
        17,
        null,
        2,
        2,
        null,
        null,
        null,
        1,
        0,
        0,
        null,
        null,
        null
      ],
      "/home/jonas/Prova_diego/Library/app/controllers/static_pages_controller.rb": [
        1,
        1,
        2,
        null,
        null,
        1,
        null,
        null,
        1,
        null,
        null
      ],
      "/home/jonas/Prova_diego/Library/app/controllers/users_controller.rb": [
        1,
        null,
        1,
        1,
        1,
        null,
        null,
        1,
        24,
        24,
        null,
        null,
        1,
        1,
        null,
        null,
        1,
        null,
        0,
        null,
        null,
        1,
        7,
        null,
        null,
        1,
        5,
        5,
        5,
        5,
        null,
        0,
        null,
        null,
        null,
        1,
        1,
        1,
        0,
        null,
        0,
        0,
        null,
        1,
        null,
        null,
        null,
        1,
        0,
        0,
        0,
        null,
        null,
        null,
        1,
        1,
        6,
        null,
        null,
        null,
        1,
        16,
        null,
        null,
        1,
        12,
        12,
        null,
        null,
        1,
        0,
        null,
        null
      ],
      "/home/jonas/Prova_diego/Library/spec/support/utilities.rb": [
        1,
        null,
        1,
        0,
        0,
        0,
        null,
        null,
        1,
        0,
        0,
        null,
        null,
        null,
        1,
        12,
        null,
        0,
        0,
        0,
        null,
        12,
        12,
        12,
        12,
        null,
        null
      ],
      "/home/jonas/Prova_diego/Library/spec/controllers/loans_controller_spec.rb": [
        1,
        null,
        1,
        null,
        null
      ],
      "/home/jonas/Prova_diego/Library/spec/helpers/books_helper_spec.rb": [
        1,
        null,
        null,
        null,
        null,
        null,
        null,
        null,
        null,
        null,
        null,
        null
      ],
      "/home/jonas/Prova_diego/Library/spec/helpers/loans_helper_spec.rb": [
        1,
        null,
        null,
        null,
        null,
        null,
        null,
        null,
        null,
        null,
        null,
        null,
        null
      ],
      "/home/jonas/Prova_diego/Library/spec/mailers/contact_mailer_spec.rb": [
        1,
        null,
        null,
        null,
        null
      ],
      "/home/jonas/Prova_diego/Library/spec/models/book_spec.rb": [
        1,
        null
      ],
      "/home/jonas/Prova_diego/Library/spec/models/loan_spec.rb": [
        1,
        null,
        1,
        null,
        6,
        6,
        1,
        null,
        5,
        null,
        null,
        6,
        null,
        2,
        2,
        2,
        2,
        null,
        1,
        2,
        2,
        null,
        null
      ],
      "/home/jonas/Prova_diego/Library/spec/models/relationsloan_spec.rb": [
        1,
        null,
        null
      ],
      "/home/jonas/Prova_diego/Library/spec/models/user_spec.rb": [
        1,
        null,
        1,
        1,
        24,
        null,
        null,
        20,
        null,
        2,
        2,
        2,
        2,
        2,
        2,
        2,
        2,
        2,
        null,
        2,
        2,
        null,
        1,
        1,
        1,
        1,
        null,
        null,
        2,
        null,
        1,
        2,
        2,
        null,
        null,
        1,
        2,
        2,
        null,
        null,
        null,
        1,
        2,
        2,
        null,
        null,
        1,
        1,
        1,
        1,
        1,
        null,
        null,
        2,
        null,
        null,
        1,
        1,
        1,
        null,
        1,
        5,
        5,
        null,
        null,
        null,
        1,
        1,
        1,
        1,
        4,
        4,
        null,
        null,
        null,
        null,
        1,
        2,
        2,
        null,
        null,
        1,
        4,
        4,
        null,
        1,
        2,
        null,
        null,
        1,
        3,
        null,
        2,
        2,
        null,
        null,
        null,
        1,
        null,
        3,
        1,
        2,
        null,
        1,
        2,
        null,
        1,
        1,
        1,
        1,
        1,
        2,
        null,
        null,
        null,
        1,
        1,
        null,
        null,
        null
      ],
      "/home/jonas/Prova_diego/Library/spec/requests/authentication_pages_spec.rb": [
        1,
        null,
        1,
        null,
        14,
        null,
        null,
        1,
        7,
        null,
        1,
        5,
        1,
        4,
        4,
        4,
        null,
        null,
        null,
        null,
        2,
        2,
        2,
        2,
        null,
        null,
        1,
        3,
        null,
        2,
        2,
        null,
        null,
        null,
        null,
        null,
        1,
        6,
        6,
        null,
        2,
        null,
        2,
        2,
        2,
        2,
        null,
        null,
        1,
        null,
        1,
        3,
        null,
        1,
        null,
        1,
        2,
        2,
        null,
        null,
        1,
        2,
        2,
        null,
        null,
        null,
        null,
        1,
        2,
        null,
        1,
        1,
        1,
        1,
        1,
        1,
        null,
        null,
        1,
        null,
        1,
        1,
        null,
        null,
        null,
        1,
        null,
        1,
        2,
        2,
        null,
        null,
        null,
        null,
        null
      ],
      "/home/jonas/Prova_diego/Library/spec/requests/book_pages_spec.rb": [
        1,
        null,
        null,
        null
      ],
      "/home/jonas/Prova_diego/Library/spec/requests/static_pages_spec.rb": [
        1,
        null,
        1,
        null,
        1,
        null,
        1,
        1,
        1,
        null,
        1,
        1,
        1,
        null,
        null,
        1,
        null,
        1,
        1,
        1,
        null,
        1,
        1,
        1,
        null,
        null,
        1,
        null,
        1,
        1,
        1,
        null,
        1,
        1,
        1,
        null,
        null,
        null
      ],
      "/home/jonas/Prova_diego/Library/spec/requests/user_pages_spec.rb": [
        1,
        1,
        9,
        null,
        null,
        1,
        3,
        3,
        null,
        2,
        2,
        null,
        1,
        null,
        2,
        null,
        2,
        null,
        1,
        1,
        2,
        null,
        null,
        null,
        null,
        1,
        8,
        1,
        7,
        7,
        null,
        1,
        2,
        2,
        null,
        null,
        null,
        1,
        6,
        6,
        1,
        5,
        5,
        5,
        5,
        5,
        null,
        null,
        2,
        2,
        2,
        2,
        2,
        null,
        null,
        null,
        1,
        null,
        null,
        null,
        1,
        1,
        0,
        null,
        null,
        1,
        null,
        2,
        null,
        1,
        1,
        1,
        0,
        0,
        null,
        null,
        null,
        null,
        null,
        null,
        null,
        null,
        null,
        null,
        null,
        null,
        null
      ],
      "/home/jonas/Prova_diego/Library/spec/views/books/new.html.erb_spec.rb": [
        1
      ]
    },
    "timestamp": 1386710045
  }
}
